<?xml version="1.0" encoding="UTF-8"?>
<!-- Generated by org.testng.reporters.JUnitXMLReporter -->
<testsuite ignored="0" hostname="MSI" failures="2" tests="2" name="my hub spot test" time="10.175" errors="0" timestamp="2022-01-27T07:31:22 IST">
  <testcase classname="mytests.LoginTest" name="verifyloginpagetitle" time="0.269">
    <failure type="java.lang.AssertionError" message="expected [HubSpot login] but found [Checking browser]">
      <![CDATA[java.lang.AssertionError: expected [HubSpot login] but found [Checking browser]
at mytests.LoginTest.verifyloginpagetitle(LoginTest.java:23)
at java.base/java.util.concurrent.ThreadPoolExecutor.runWorker(ThreadPoolExecutor.java:1136)
at java.base/java.util.concurrent.ThreadPoolExecutor$Worker.run(ThreadPoolExecutor.java:635)
at java.base/java.lang.Thread.run(Thread.java:833)
... Removed 18 stack frames]]>
    </failure>
  </testcase> <!-- verifyloginpagetitle -->
  <testcase classname="mytests.LoginTest" name="verifyloginpageheadertest" time="0.332">
    <failure type="java.lang.NullPointerException" message="Cannot invoke &amp;quot;org.openqa.selenium.WebElement.getText()&amp;quot; because the return value of &amp;quot;com.mypages.BasePage.getElement(org.openqa.selenium.By)&amp;quot; is null">
      <![CDATA[java.lang.NullPointerException: Cannot invoke "org.openqa.selenium.WebElement.getText()" because the return value of "com.mypages.BasePage.getElement(org.openqa.selenium.By)" is null
at com.mypages.BasePage.getpageheader(BasePage.java:23)
at com.mypages.Loginpage.getpageheader(Loginpage.java:63)
at mytests.LoginTest.verifyloginpageheadertest(LoginTest.java:28)
at java.base/java.util.concurrent.ThreadPoolExecutor.runWorker(ThreadPoolExecutor.java:1136)
at java.base/java.util.concurrent.ThreadPoolExecutor$Worker.run(ThreadPoolExecutor.java:635)
at java.base/java.lang.Thread.run(Thread.java:833)
... Removed 12 stack frames]]>
    </failure>
  </testcase> <!-- verifyloginpageheadertest -->
</testsuite> <!-- my hub spot test -->
